2017-12-11 12:01:57.452 gov.fcc.tvstudy [SEVERE] : Unexpected error
java.io.IOException: Cannot run program "c:\MinGW\workspace\2017Nov_tvstudy_linux64_files\lib\tvstudy": CreateProcess error=193, %1 is not a valid Win32 application
	at java.base/java.lang.ProcessBuilder.start(ProcessBuilder.java:1128)
	at java.base/java.lang.ProcessBuilder.start(ProcessBuilder.java:1071)
	at java.base/java.lang.Runtime.exec(Runtime.java:635)
	at java.base/java.lang.Runtime.exec(Runtime.java:494)
	at gov.fcc.tvstudy.core.AppCore.initialize(AppCore.java:348)
	at gov.fcc.tvstudy.gui.AppController.<init>(AppController.java:838)
	at gov.fcc.tvstudy.gui.AppController$1.run(AppController.java:72)
	at java.desktop/java.awt.event.InvocationEvent.dispatch(InvocationEvent.java:303)
	at java.desktop/java.awt.EventQueue.dispatchEventImpl(EventQueue.java:764)
	at java.desktop/java.awt.EventQueue.access$500(EventQueue.java:97)
	at java.desktop/java.awt.EventQueue$3.run(EventQueue.java:717)
	at java.desktop/java.awt.EventQueue$3.run(EventQueue.java:711)
	at java.base/java.security.AccessController.doPrivileged(Native Method)
	at java.base/java.security.ProtectionDomain$JavaSecurityAccessImpl.doIntersectionPrivilege(ProtectionDomain.java:89)
	at java.desktop/java.awt.EventQueue.dispatchEvent(EventQueue.java:734)
	at java.desktop/java.awt.EventDispatchThread.pumpOneEventForFilters(EventDispatchThread.java:199)
	at java.desktop/java.awt.EventDispatchThread.pumpEventsForFilter(EventDispatchThread.java:124)
	at java.desktop/java.awt.EventDispatchThread.pumpEventsForHierarchy(EventDispatchThread.java:113)
	at java.desktop/java.awt.EventDispatchThread.pumpEvents(EventDispatchThread.java:109)
	at java.desktop/java.awt.EventDispatchThread.pumpEvents(EventDispatchThread.java:101)
	at java.desktop/java.awt.EventDispatchThread.run(EventDispatchThread.java:90)
Caused by: java.io.IOException: CreateProcess error=193, %1 is not a valid Win32 application
	at java.base/java.lang.ProcessImpl.create(Native Method)
	at java.base/java.lang.ProcessImpl.<init>(ProcessImpl.java:420)
	at java.base/java.lang.ProcessImpl.start(ProcessImpl.java:151)
	at java.base/java.lang.ProcessBuilder.start(ProcessBuilder.java:1107)
	... 20 more
2017-12-11 12:47:28.471 gov.fcc.tvstudy [SEVERE] : Database error
com.mysql.jdbc.exceptions.jdbc4.MySQLSyntaxErrorException: Column length too big for column 'attributes' (max = 21845); use BLOB or TEXT instead
	at java.base/jdk.internal.reflect.NativeConstructorAccessorImpl.newInstance0(Native Method)
	at java.base/jdk.internal.reflect.NativeConstructorAccessorImpl.newInstance(NativeConstructorAccessorImpl.java:62)
	at java.base/jdk.internal.reflect.DelegatingConstructorAccessorImpl.newInstance(DelegatingConstructorAccessorImpl.java:45)
	at java.base/java.lang.reflect.Constructor.newInstance(Constructor.java:488)
	at com.mysql.jdbc.Util.handleNewInstance(Util.java:377)
	at com.mysql.jdbc.Util.getInstance(Util.java:360)
	at com.mysql.jdbc.SQLError.createSQLException(SQLError.java:978)
	at com.mysql.jdbc.MysqlIO.checkErrorPacket(MysqlIO.java:3887)
	at com.mysql.jdbc.MysqlIO.checkErrorPacket(MysqlIO.java:3823)
	at com.mysql.jdbc.MysqlIO.sendCommand(MysqlIO.java:2435)
	at com.mysql.jdbc.MysqlIO.sqlQueryDirect(MysqlIO.java:2582)
	at com.mysql.jdbc.ConnectionImpl.execSQL(ConnectionImpl.java:2526)
	at com.mysql.jdbc.StatementImpl.executeUpdate(StatementImpl.java:1618)
	at com.mysql.jdbc.StatementImpl.executeUpdate(StatementImpl.java:1549)
	at gov.fcc.tvstudy.core.DbConnection.update(DbConnection.java:266)
	at gov.fcc.tvstudy.core.DbCore.update20200400(DbCore.java:6222)
	at gov.fcc.tvstudy.core.DbCore.doUpdateDb(DbCore.java:4556)
	at gov.fcc.tvstudy.core.DbCore.updateDb(DbCore.java:1208)
	at gov.fcc.tvstudy.gui.DbController$ManagerDialog$12.doBackgroundWork(DbController.java:820)
	at gov.fcc.tvstudy.gui.BackgroundWorker.doInBackground(BackgroundWorker.java:167)
	at java.desktop/javax.swing.SwingWorker$1.call(SwingWorker.java:295)
	at java.base/java.util.concurrent.FutureTask.run(FutureTask.java:264)
	at java.desktop/javax.swing.SwingWorker.run(SwingWorker.java:334)
	at java.base/java.util.concurrent.ThreadPoolExecutor.runWorker(ThreadPoolExecutor.java:1167)
	at java.base/java.util.concurrent.ThreadPoolExecutor$Worker.run(ThreadPoolExecutor.java:641)
	at java.base/java.lang.Thread.run(Thread.java:844)
2017-12-11 12:51:48.966 gov.fcc.tvstudy [SEVERE] : Database error
java.sql.SQLException: Unable to open file 'c:MinGWworkspace2017Nov_tvstudy_linux64_filesdatapop_us_2000.dat'for 'LOAD DATA LOCAL INFILE' command.Due to underlying IOException: 

** BEGIN NESTED EXCEPTION ** 

java.io.FileNotFoundException
MESSAGE: c:MinGWworkspace2017Nov_tvstudy_linux64_filesdatapop_us_2000.dat (The system cannot find the file specified)

STACKTRACE:

java.io.FileNotFoundException: c:MinGWworkspace2017Nov_tvstudy_linux64_filesdatapop_us_2000.dat (The system cannot find the file specified)
	at java.base/java.io.FileInputStream.open0(Native Method)
	at java.base/java.io.FileInputStream.open(FileInputStream.java:196)
	at java.base/java.io.FileInputStream.<init>(FileInputStream.java:139)
	at java.base/java.io.FileInputStream.<init>(FileInputStream.java:94)
	at com.mysql.jdbc.MysqlIO.sendFileToServer(MysqlIO.java:3726)
	at com.mysql.jdbc.MysqlIO.readResultsForQueryOrUpdate(MysqlIO.java:2995)
	at com.mysql.jdbc.MysqlIO.readAllResults(MysqlIO.java:2245)
	at com.mysql.jdbc.MysqlIO.sqlQueryDirect(MysqlIO.java:2638)
	at com.mysql.jdbc.ConnectionImpl.execSQL(ConnectionImpl.java:2526)
	at com.mysql.jdbc.StatementImpl.executeUpdate(StatementImpl.java:1618)
	at com.mysql.jdbc.StatementImpl.executeUpdate(StatementImpl.java:1549)
	at gov.fcc.tvstudy.core.DbConnection.update(DbConnection.java:266)
	at gov.fcc.tvstudy.core.DbCore.doInstallDb(DbCore.java:2004)
	at gov.fcc.tvstudy.core.DbCore.installDb(DbCore.java:1137)
	at gov.fcc.tvstudy.gui.DbController$ManagerDialog$9.doBackgroundWork(DbController.java:694)
	at gov.fcc.tvstudy.gui.BackgroundWorker.doInBackground(BackgroundWorker.java:167)
	at java.desktop/javax.swing.SwingWorker$1.call(SwingWorker.java:295)
	at java.base/java.util.concurrent.FutureTask.run(FutureTask.java:264)
	at java.desktop/javax.swing.SwingWorker.run(SwingWorker.java:334)
	at java.base/java.util.concurrent.ThreadPoolExecutor.runWorker(ThreadPoolExecutor.java:1167)
	at java.base/java.util.concurrent.ThreadPoolExecutor$Worker.run(ThreadPoolExecutor.java:641)
	at java.base/java.lang.Thread.run(Thread.java:844)


** END NESTED EXCEPTION **


	at com.mysql.jdbc.SQLError.createSQLException(SQLError.java:996)
	at com.mysql.jdbc.SQLError.createSQLException(SQLError.java:935)
	at com.mysql.jdbc.SQLError.createSQLException(SQLError.java:924)
	at com.mysql.jdbc.SQLError.createSQLException(SQLError.java:870)
	at com.mysql.jdbc.MysqlIO.sendFileToServer(MysqlIO.java:3765)
	at com.mysql.jdbc.MysqlIO.readResultsForQueryOrUpdate(MysqlIO.java:2995)
	at com.mysql.jdbc.MysqlIO.readAllResults(MysqlIO.java:2245)
	at com.mysql.jdbc.MysqlIO.sqlQueryDirect(MysqlIO.java:2638)
	at com.mysql.jdbc.ConnectionImpl.execSQL(ConnectionImpl.java:2526)
	at com.mysql.jdbc.StatementImpl.executeUpdate(StatementImpl.java:1618)
	at com.mysql.jdbc.StatementImpl.executeUpdate(StatementImpl.java:1549)
	at gov.fcc.tvstudy.core.DbConnection.update(DbConnection.java:266)
	at gov.fcc.tvstudy.core.DbCore.doInstallDb(DbCore.java:2004)
	at gov.fcc.tvstudy.core.DbCore.installDb(DbCore.java:1137)
	at gov.fcc.tvstudy.gui.DbController$ManagerDialog$9.doBackgroundWork(DbController.java:694)
	at gov.fcc.tvstudy.gui.BackgroundWorker.doInBackground(BackgroundWorker.java:167)
	at java.desktop/javax.swing.SwingWorker$1.call(SwingWorker.java:295)
	at java.base/java.util.concurrent.FutureTask.run(FutureTask.java:264)
	at java.desktop/javax.swing.SwingWorker.run(SwingWorker.java:334)
	at java.base/java.util.concurrent.ThreadPoolExecutor.runWorker(ThreadPoolExecutor.java:1167)
	at java.base/java.util.concurrent.ThreadPoolExecutor$Worker.run(ThreadPoolExecutor.java:641)
	at java.base/java.lang.Thread.run(Thread.java:844)
2017-12-11 14:11:07.696 gov.fcc.tvstudy [SEVERE] : Unexpected error
java.io.IOException: Cannot run program "c:\MinGW\workspace\2017Nov_tvstudy_linux64_files\lib\tvstudy": CreateProcess error=193, %1 is not a valid Win32 application
	at java.base/java.lang.ProcessBuilder.start(ProcessBuilder.java:1128)
	at java.base/java.lang.ProcessBuilder.start(ProcessBuilder.java:1071)
	at java.base/java.lang.Runtime.exec(Runtime.java:635)
	at java.base/java.lang.Runtime.exec(Runtime.java:494)
	at gov.fcc.tvstudy.core.AppCore.initialize(AppCore.java:348)
	at gov.fcc.tvstudy.gui.AppController.<init>(AppController.java:838)
	at gov.fcc.tvstudy.gui.AppController$1.run(AppController.java:72)
	at java.desktop/java.awt.event.InvocationEvent.dispatch(InvocationEvent.java:303)
	at java.desktop/java.awt.EventQueue.dispatchEventImpl(EventQueue.java:764)
	at java.desktop/java.awt.EventQueue.access$500(EventQueue.java:97)
	at java.desktop/java.awt.EventQueue$3.run(EventQueue.java:717)
	at java.desktop/java.awt.EventQueue$3.run(EventQueue.java:711)
	at java.base/java.security.AccessController.doPrivileged(Native Method)
	at java.base/java.security.ProtectionDomain$JavaSecurityAccessImpl.doIntersectionPrivilege(ProtectionDomain.java:89)
	at java.desktop/java.awt.EventQueue.dispatchEvent(EventQueue.java:734)
	at java.desktop/java.awt.EventDispatchThread.pumpOneEventForFilters(EventDispatchThread.java:199)
	at java.desktop/java.awt.EventDispatchThread.pumpEventsForFilter(EventDispatchThread.java:124)
	at java.desktop/java.awt.EventDispatchThread.pumpEventsForHierarchy(EventDispatchThread.java:113)
	at java.desktop/java.awt.EventDispatchThread.pumpEvents(EventDispatchThread.java:109)
	at java.desktop/java.awt.EventDispatchThread.pumpEvents(EventDispatchThread.java:101)
	at java.desktop/java.awt.EventDispatchThread.run(EventDispatchThread.java:90)
Caused by: java.io.IOException: CreateProcess error=193, %1 is not a valid Win32 application
	at java.base/java.lang.ProcessImpl.create(Native Method)
	at java.base/java.lang.ProcessImpl.<init>(ProcessImpl.java:420)
	at java.base/java.lang.ProcessImpl.start(ProcessImpl.java:151)
	at java.base/java.lang.ProcessBuilder.start(ProcessBuilder.java:1107)
	... 20 more
2017-12-11 17:40:25.844 gov.fcc.tvstudy [SEVERE] : Unexpected error
java.io.IOException: Cannot run program "c:\MinGW\workspace\2017Nov_tvstudy_linux64_files\lib\tvstudy": CreateProcess error=193, %1 is not a valid Win32 application
	at java.base/java.lang.ProcessBuilder.start(ProcessBuilder.java:1128)
	at java.base/java.lang.ProcessBuilder.start(ProcessBuilder.java:1071)
	at java.base/java.lang.Runtime.exec(Runtime.java:635)
	at java.base/java.lang.Runtime.exec(Runtime.java:494)
	at gov.fcc.tvstudy.core.AppCore.initialize(AppCore.java:348)
	at gov.fcc.tvstudy.gui.AppController.<init>(AppController.java:838)
	at gov.fcc.tvstudy.gui.AppController$1.run(AppController.java:72)
	at java.desktop/java.awt.event.InvocationEvent.dispatch(InvocationEvent.java:303)
	at java.desktop/java.awt.EventQueue.dispatchEventImpl(EventQueue.java:764)
	at java.desktop/java.awt.EventQueue.access$500(EventQueue.java:97)
	at java.desktop/java.awt.EventQueue$3.run(EventQueue.java:717)
	at java.desktop/java.awt.EventQueue$3.run(EventQueue.java:711)
	at java.base/java.security.AccessController.doPrivileged(Native Method)
	at java.base/java.security.ProtectionDomain$JavaSecurityAccessImpl.doIntersectionPrivilege(ProtectionDomain.java:89)
	at java.desktop/java.awt.EventQueue.dispatchEvent(EventQueue.java:734)
	at java.desktop/java.awt.EventDispatchThread.pumpOneEventForFilters(EventDispatchThread.java:199)
	at java.desktop/java.awt.EventDispatchThread.pumpEventsForFilter(EventDispatchThread.java:124)
	at java.desktop/java.awt.EventDispatchThread.pumpEventsForHierarchy(EventDispatchThread.java:113)
	at java.desktop/java.awt.EventDispatchThread.pumpEvents(EventDispatchThread.java:109)
	at java.desktop/java.awt.EventDispatchThread.pumpEvents(EventDispatchThread.java:101)
	at java.desktop/java.awt.EventDispatchThread.run(EventDispatchThread.java:90)
Caused by: java.io.IOException: CreateProcess error=193, %1 is not a valid Win32 application
	at java.base/java.lang.ProcessImpl.create(Native Method)
	at java.base/java.lang.ProcessImpl.<init>(ProcessImpl.java:420)
	at java.base/java.lang.ProcessImpl.start(ProcessImpl.java:151)
	at java.base/java.lang.ProcessBuilder.start(ProcessBuilder.java:1107)
	... 20 more
2017-12-13 09:13:55.551 gov.fcc.tvstudy [SEVERE] : Database error
com.mysql.jdbc.exceptions.jdbc4.MySQLSyntaxErrorException: Column length too big for column 'attributes' (max = 21845); use BLOB or TEXT instead
	at java.base/jdk.internal.reflect.NativeConstructorAccessorImpl.newInstance0(Native Method)
	at java.base/jdk.internal.reflect.NativeConstructorAccessorImpl.newInstance(NativeConstructorAccessorImpl.java:62)
	at java.base/jdk.internal.reflect.DelegatingConstructorAccessorImpl.newInstance(DelegatingConstructorAccessorImpl.java:45)
	at java.base/java.lang.reflect.Constructor.newInstance(Constructor.java:488)
	at com.mysql.jdbc.Util.handleNewInstance(Util.java:377)
	at com.mysql.jdbc.Util.getInstance(Util.java:360)
	at com.mysql.jdbc.SQLError.createSQLException(SQLError.java:978)
	at com.mysql.jdbc.MysqlIO.checkErrorPacket(MysqlIO.java:3887)
	at com.mysql.jdbc.MysqlIO.checkErrorPacket(MysqlIO.java:3823)
	at com.mysql.jdbc.MysqlIO.sendCommand(MysqlIO.java:2435)
	at com.mysql.jdbc.MysqlIO.sqlQueryDirect(MysqlIO.java:2582)
	at com.mysql.jdbc.ConnectionImpl.execSQL(ConnectionImpl.java:2526)
	at com.mysql.jdbc.StatementImpl.executeUpdate(StatementImpl.java:1618)
	at com.mysql.jdbc.StatementImpl.executeUpdate(StatementImpl.java:1549)
	at gov.fcc.tvstudy.core.DbConnection.update(DbConnection.java:266)
	at gov.fcc.tvstudy.core.data.Source.createTables(Source.java:501)
	at gov.fcc.tvstudy.core.data.Study.createNewStudy(Study.java:734)
	at gov.fcc.tvstudy.core.StudyBuildIxCheck.buildStudy(StudyBuildIxCheck.java:1557)
	at gov.fcc.tvstudy.gui.run.RunPanelStudy.buildStudy(RunPanelStudy.java:526)
	at gov.fcc.tvstudy.gui.run.RunPanelStudy.access$000(RunPanelStudy.java:32)
	at gov.fcc.tvstudy.gui.run.RunPanelStudy$1.run(RunPanelStudy.java:271)
2017-12-13 09:36:49.773 gov.fcc.tvstudy [SEVERE] : Database error
com.mysql.jdbc.exceptions.jdbc4.MySQLSyntaxErrorException: Row size too large. The maximum row size for the used table type, not counting BLOBs, is 65535. This includes storage overhead, check the manual. You have to change some columns to TEXT or BLOBs
	at java.base/jdk.internal.reflect.NativeConstructorAccessorImpl.newInstance0(Native Method)
	at java.base/jdk.internal.reflect.NativeConstructorAccessorImpl.newInstance(NativeConstructorAccessorImpl.java:62)
	at java.base/jdk.internal.reflect.DelegatingConstructorAccessorImpl.newInstance(DelegatingConstructorAccessorImpl.java:45)
	at java.base/java.lang.reflect.Constructor.newInstance(Constructor.java:488)
	at com.mysql.jdbc.Util.handleNewInstance(Util.java:377)
	at com.mysql.jdbc.Util.getInstance(Util.java:360)
	at com.mysql.jdbc.SQLError.createSQLException(SQLError.java:978)
	at com.mysql.jdbc.MysqlIO.checkErrorPacket(MysqlIO.java:3887)
	at com.mysql.jdbc.MysqlIO.checkErrorPacket(MysqlIO.java:3823)
	at com.mysql.jdbc.MysqlIO.sendCommand(MysqlIO.java:2435)
	at com.mysql.jdbc.MysqlIO.sqlQueryDirect(MysqlIO.java:2582)
	at com.mysql.jdbc.ConnectionImpl.execSQL(ConnectionImpl.java:2526)
	at com.mysql.jdbc.StatementImpl.executeUpdate(StatementImpl.java:1618)
	at com.mysql.jdbc.StatementImpl.executeUpdate(StatementImpl.java:1549)
	at gov.fcc.tvstudy.core.DbConnection.update(DbConnection.java:266)
	at gov.fcc.tvstudy.core.data.Source.createTables(Source.java:501)
	at gov.fcc.tvstudy.core.data.Study.createNewStudy(Study.java:734)
	at gov.fcc.tvstudy.core.StudyBuildIxCheck.buildStudy(StudyBuildIxCheck.java:1557)
	at gov.fcc.tvstudy.gui.run.RunPanelStudy.buildStudy(RunPanelStudy.java:526)
	at gov.fcc.tvstudy.gui.run.RunPanelStudy.access$000(RunPanelStudy.java:32)
	at gov.fcc.tvstudy.gui.run.RunPanelStudy$1.run(RunPanelStudy.java:271)
2017-12-13 09:47:03.174 gov.fcc.tvstudy [SEVERE] : Could not start study engine process
java.io.IOException: Cannot run program "c:\MinGW\workspace\2017Nov_tvstudy_linux64_files\lib\tvstudy": CreateProcess error=193, %1 is not a valid Win32 application
	at java.base/java.lang.ProcessBuilder.start(ProcessBuilder.java:1128)
	at java.base/java.lang.ProcessBuilder.start(ProcessBuilder.java:1071)
	at gov.fcc.tvstudy.core.StudyBuildIxCheck.doProbeRun(StudyBuildIxCheck.java:2843)
	at gov.fcc.tvstudy.core.StudyBuildIxCheck.buildStudyScenarios(StudyBuildIxCheck.java:2066)
	at gov.fcc.tvstudy.core.StudyBuildIxCheck.buildStudy(StudyBuildIxCheck.java:1646)
	at gov.fcc.tvstudy.gui.run.RunPanelStudy.buildStudy(RunPanelStudy.java:526)
	at gov.fcc.tvstudy.gui.run.RunPanelStudy.access$000(RunPanelStudy.java:32)
	at gov.fcc.tvstudy.gui.run.RunPanelStudy$1.run(RunPanelStudy.java:271)
Caused by: java.io.IOException: CreateProcess error=193, %1 is not a valid Win32 application
	at java.base/java.lang.ProcessImpl.create(Native Method)
	at java.base/java.lang.ProcessImpl.<init>(ProcessImpl.java:420)
	at java.base/java.lang.ProcessImpl.start(ProcessImpl.java:151)
	at java.base/java.lang.ProcessBuilder.start(ProcessBuilder.java:1107)
	... 7 more
2017-12-13 10:13:20.407 gov.fcc.tvstudy [SEVERE] : Could not start study engine process
java.io.IOException: Cannot run program "c:\MinGW\workspace\2017Nov_tvstudy_linux64_files\lib\tvstudy": CreateProcess error=193, %1 is not a valid Win32 application
	at java.base/java.lang.ProcessBuilder.start(ProcessBuilder.java:1128)
	at java.base/java.lang.ProcessBuilder.start(ProcessBuilder.java:1071)
	at gov.fcc.tvstudy.core.StudyBuildIxCheck.doProbeRun(StudyBuildIxCheck.java:2843)
	at gov.fcc.tvstudy.core.StudyBuildIxCheck.buildStudyScenarios(StudyBuildIxCheck.java:2066)
	at gov.fcc.tvstudy.core.StudyBuildIxCheck.buildStudy(StudyBuildIxCheck.java:1646)
	at gov.fcc.tvstudy.gui.run.RunPanelStudy.buildStudy(RunPanelStudy.java:526)
	at gov.fcc.tvstudy.gui.run.RunPanelStudy.access$000(RunPanelStudy.java:32)
	at gov.fcc.tvstudy.gui.run.RunPanelStudy$1.run(RunPanelStudy.java:271)
Caused by: java.io.IOException: CreateProcess error=193, %1 is not a valid Win32 application
	at java.base/java.lang.ProcessImpl.create(Native Method)
	at java.base/java.lang.ProcessImpl.<init>(ProcessImpl.java:420)
	at java.base/java.lang.ProcessImpl.start(ProcessImpl.java:151)
	at java.base/java.lang.ProcessBuilder.start(ProcessBuilder.java:1107)
	... 7 more
2017-12-14 12:42:55.268 gov.fcc.tvstudy [SEVERE] : Database connection failed
com.mysql.jdbc.exceptions.jdbc4.CommunicationsException: Communications link failure

The last packet sent successfully to the server was 0 milliseconds ago. The driver has not received any packets from the server.
	at java.base/jdk.internal.reflect.NativeConstructorAccessorImpl.newInstance0(Native Method)
	at java.base/jdk.internal.reflect.NativeConstructorAccessorImpl.newInstance(NativeConstructorAccessorImpl.java:62)
	at java.base/jdk.internal.reflect.DelegatingConstructorAccessorImpl.newInstance(DelegatingConstructorAccessorImpl.java:45)
	at java.base/java.lang.reflect.Constructor.newInstance(Constructor.java:488)
	at com.mysql.jdbc.Util.handleNewInstance(Util.java:377)
	at com.mysql.jdbc.SQLError.createCommunicationsException(SQLError.java:1036)
	at com.mysql.jdbc.MysqlIO.<init>(MysqlIO.java:338)
	at com.mysql.jdbc.ConnectionImpl.coreConnect(ConnectionImpl.java:2232)
	at com.mysql.jdbc.ConnectionImpl.connectOneTryOnly(ConnectionImpl.java:2265)
	at com.mysql.jdbc.ConnectionImpl.createNewIO(ConnectionImpl.java:2064)
	at com.mysql.jdbc.ConnectionImpl.<init>(ConnectionImpl.java:790)
	at com.mysql.jdbc.JDBC4Connection.<init>(JDBC4Connection.java:44)
	at java.base/jdk.internal.reflect.NativeConstructorAccessorImpl.newInstance0(Native Method)
	at java.base/jdk.internal.reflect.NativeConstructorAccessorImpl.newInstance(NativeConstructorAccessorImpl.java:62)
	at java.base/jdk.internal.reflect.DelegatingConstructorAccessorImpl.newInstance(DelegatingConstructorAccessorImpl.java:45)
	at java.base/java.lang.reflect.Constructor.newInstance(Constructor.java:488)
	at com.mysql.jdbc.Util.handleNewInstance(Util.java:377)
	at com.mysql.jdbc.ConnectionImpl.getInstance(ConnectionImpl.java:395)
	at com.mysql.jdbc.NonRegisteringDriver.connect(NonRegisteringDriver.java:325)
	at java.sql/java.sql.DriverManager.getConnection(DriverManager.java:678)
	at java.sql/java.sql.DriverManager.getConnection(DriverManager.java:229)
	at gov.fcc.tvstudy.core.DbConnection.connect(DbConnection.java:133)
	at gov.fcc.tvstudy.core.DbConnection.connect(DbConnection.java:79)
	at gov.fcc.tvstudy.core.DbCore$DbInfo.<init>(DbCore.java:156)
	at gov.fcc.tvstudy.gui.DbController$LoginDialog$4.doBackgroundWork(DbController.java:283)
	at gov.fcc.tvstudy.gui.DbController$LoginDialog$4.doBackgroundWork(DbController.java:281)
	at gov.fcc.tvstudy.gui.BackgroundWorker.doInBackground(BackgroundWorker.java:167)
	at java.desktop/javax.swing.SwingWorker$1.call(SwingWorker.java:295)
	at java.base/java.util.concurrent.FutureTask.run(FutureTask.java:264)
	at java.desktop/javax.swing.SwingWorker.run(SwingWorker.java:334)
	at java.base/java.util.concurrent.ThreadPoolExecutor.runWorker(ThreadPoolExecutor.java:1167)
	at java.base/java.util.concurrent.ThreadPoolExecutor$Worker.run(ThreadPoolExecutor.java:641)
	at java.base/java.lang.Thread.run(Thread.java:844)
Caused by: java.net.ConnectException: Connection refused: connect
	at java.base/java.net.DualStackPlainSocketImpl.connect0(Native Method)
	at java.base/java.net.DualStackPlainSocketImpl.socketConnect(DualStackPlainSocketImpl.java:79)
	at java.base/java.net.AbstractPlainSocketImpl.doConnect(AbstractPlainSocketImpl.java:400)
	at java.base/java.net.AbstractPlainSocketImpl.connectToAddress(AbstractPlainSocketImpl.java:243)
	at java.base/java.net.AbstractPlainSocketImpl.connect(AbstractPlainSocketImpl.java:225)
	at java.base/java.net.PlainSocketImpl.connect(PlainSocketImpl.java:148)
	at java.base/java.net.SocksSocketImpl.connect(SocksSocketImpl.java:402)
	at java.base/java.net.Socket.connect(Socket.java:591)
	at com.mysql.jdbc.StandardSocketFactory.connect(StandardSocketFactory.java:213)
	at com.mysql.jdbc.MysqlIO.<init>(MysqlIO.java:297)
	... 26 more
2017-12-16 12:45:20.743 gov.fcc.tvstudy [SEVERE] : Database connection failed
com.mysql.jdbc.exceptions.jdbc4.CommunicationsException: Communications link failure

The last packet sent successfully to the server was 0 milliseconds ago. The driver has not received any packets from the server.
	at java.base/jdk.internal.reflect.NativeConstructorAccessorImpl.newInstance0(Native Method)
	at java.base/jdk.internal.reflect.NativeConstructorAccessorImpl.newInstance(NativeConstructorAccessorImpl.java:62)
	at java.base/jdk.internal.reflect.DelegatingConstructorAccessorImpl.newInstance(DelegatingConstructorAccessorImpl.java:45)
	at java.base/java.lang.reflect.Constructor.newInstance(Constructor.java:488)
	at com.mysql.jdbc.Util.handleNewInstance(Util.java:377)
	at com.mysql.jdbc.SQLError.createCommunicationsException(SQLError.java:1036)
	at com.mysql.jdbc.MysqlIO.<init>(MysqlIO.java:338)
	at com.mysql.jdbc.ConnectionImpl.coreConnect(ConnectionImpl.java:2232)
	at com.mysql.jdbc.ConnectionImpl.connectOneTryOnly(ConnectionImpl.java:2265)
	at com.mysql.jdbc.ConnectionImpl.createNewIO(ConnectionImpl.java:2064)
	at com.mysql.jdbc.ConnectionImpl.<init>(ConnectionImpl.java:790)
	at com.mysql.jdbc.JDBC4Connection.<init>(JDBC4Connection.java:44)
	at jdk.internal.reflect.GeneratedConstructorAccessor5.newInstance(Unknown Source)
	at java.base/jdk.internal.reflect.DelegatingConstructorAccessorImpl.newInstance(DelegatingConstructorAccessorImpl.java:45)
	at java.base/java.lang.reflect.Constructor.newInstance(Constructor.java:488)
	at com.mysql.jdbc.Util.handleNewInstance(Util.java:377)
	at com.mysql.jdbc.ConnectionImpl.getInstance(ConnectionImpl.java:395)
	at com.mysql.jdbc.NonRegisteringDriver.connect(NonRegisteringDriver.java:325)
	at java.sql/java.sql.DriverManager.getConnection(DriverManager.java:678)
	at java.sql/java.sql.DriverManager.getConnection(DriverManager.java:229)
	at gov.fcc.tvstudy.core.DbConnection.connect(DbConnection.java:133)
	at gov.fcc.tvstudy.core.DbConnection.connect(DbConnection.java:87)
	at gov.fcc.tvstudy.core.DbCore.connectDb(DbCore.java:550)
	at gov.fcc.tvstudy.gui.StudyManager.getItems(StudyManager.java:1643)
	at gov.fcc.tvstudy.gui.StudyManager.updateStudyList(StudyManager.java:1545)
	at gov.fcc.tvstudy.gui.StudyManager.doUpdates(StudyManager.java:1434)
	at gov.fcc.tvstudy.gui.StudyManager.access$400(StudyManager.java:34)
	at gov.fcc.tvstudy.gui.StudyManager$3.actionPerformed(StudyManager.java:182)
	at java.desktop/javax.swing.Timer.fireActionPerformed(Timer.java:317)
	at java.desktop/javax.swing.Timer$DoPostEvent.run(Timer.java:249)
	at java.desktop/java.awt.event.InvocationEvent.dispatch(InvocationEvent.java:313)
	at java.desktop/java.awt.EventQueue.dispatchEventImpl(EventQueue.java:764)
	at java.desktop/java.awt.EventQueue.access$500(EventQueue.java:97)
	at java.desktop/java.awt.EventQueue$3.run(EventQueue.java:717)
	at java.desktop/java.awt.EventQueue$3.run(EventQueue.java:711)
	at java.base/java.security.AccessController.doPrivileged(Native Method)
	at java.base/java.security.ProtectionDomain$JavaSecurityAccessImpl.doIntersectionPrivilege(ProtectionDomain.java:89)
	at java.desktop/java.awt.EventQueue.dispatchEvent(EventQueue.java:734)
	at java.desktop/java.awt.EventDispatchThread.pumpOneEventForFilters(EventDispatchThread.java:199)
	at java.desktop/java.awt.EventDispatchThread.pumpEventsForFilter(EventDispatchThread.java:124)
	at java.desktop/java.awt.EventDispatchThread.pumpEventsForHierarchy(EventDispatchThread.java:113)
	at java.desktop/java.awt.EventDispatchThread.pumpEvents(EventDispatchThread.java:109)
	at java.desktop/java.awt.EventDispatchThread.pumpEvents(EventDispatchThread.java:101)
	at java.desktop/java.awt.EventDispatchThread.run(EventDispatchThread.java:90)
Caused by: java.net.SocketException: Permission denied: connect
	at java.base/java.net.DualStackPlainSocketImpl.connect0(Native Method)
	at java.base/java.net.DualStackPlainSocketImpl.socketConnect(DualStackPlainSocketImpl.java:79)
	at java.base/java.net.AbstractPlainSocketImpl.doConnect(AbstractPlainSocketImpl.java:400)
	at java.base/java.net.AbstractPlainSocketImpl.connectToAddress(AbstractPlainSocketImpl.java:243)
	at java.base/java.net.AbstractPlainSocketImpl.connect(AbstractPlainSocketImpl.java:225)
	at java.base/java.net.PlainSocketImpl.connect(PlainSocketImpl.java:148)
	at java.base/java.net.SocksSocketImpl.connect(SocksSocketImpl.java:402)
	at java.base/java.net.Socket.connect(Socket.java:591)
	at com.mysql.jdbc.StandardSocketFactory.connect(StandardSocketFactory.java:213)
	at com.mysql.jdbc.MysqlIO.<init>(MysqlIO.java:297)
	... 37 more
2017-12-16 12:46:22.645 gov.fcc.tvstudy [SEVERE] : Database connection failed
com.mysql.jdbc.exceptions.jdbc4.CommunicationsException: Communications link failure

The last packet sent successfully to the server was 0 milliseconds ago. The driver has not received any packets from the server.
	at java.base/jdk.internal.reflect.NativeConstructorAccessorImpl.newInstance0(Native Method)
	at java.base/jdk.internal.reflect.NativeConstructorAccessorImpl.newInstance(NativeConstructorAccessorImpl.java:62)
	at java.base/jdk.internal.reflect.DelegatingConstructorAccessorImpl.newInstance(DelegatingConstructorAccessorImpl.java:45)
	at java.base/java.lang.reflect.Constructor.newInstance(Constructor.java:488)
	at com.mysql.jdbc.Util.handleNewInstance(Util.java:377)
	at com.mysql.jdbc.SQLError.createCommunicationsException(SQLError.java:1036)
	at com.mysql.jdbc.MysqlIO.<init>(MysqlIO.java:338)
	at com.mysql.jdbc.ConnectionImpl.coreConnect(ConnectionImpl.java:2232)
	at com.mysql.jdbc.ConnectionImpl.connectOneTryOnly(ConnectionImpl.java:2265)
	at com.mysql.jdbc.ConnectionImpl.createNewIO(ConnectionImpl.java:2064)
	at com.mysql.jdbc.ConnectionImpl.<init>(ConnectionImpl.java:790)
	at com.mysql.jdbc.JDBC4Connection.<init>(JDBC4Connection.java:44)
	at jdk.internal.reflect.GeneratedConstructorAccessor5.newInstance(Unknown Source)
	at java.base/jdk.internal.reflect.DelegatingConstructorAccessorImpl.newInstance(DelegatingConstructorAccessorImpl.java:45)
	at java.base/java.lang.reflect.Constructor.newInstance(Constructor.java:488)
	at com.mysql.jdbc.Util.handleNewInstance(Util.java:377)
	at com.mysql.jdbc.ConnectionImpl.getInstance(ConnectionImpl.java:395)
	at com.mysql.jdbc.NonRegisteringDriver.connect(NonRegisteringDriver.java:325)
	at java.sql/java.sql.DriverManager.getConnection(DriverManager.java:678)
	at java.sql/java.sql.DriverManager.getConnection(DriverManager.java:229)
	at gov.fcc.tvstudy.core.DbConnection.connect(DbConnection.java:133)
	at gov.fcc.tvstudy.core.DbConnection.connect(DbConnection.java:87)
	at gov.fcc.tvstudy.core.DbCore.connectDb(DbCore.java:550)
	at gov.fcc.tvstudy.gui.StudyManager.getItems(StudyManager.java:1643)
	at gov.fcc.tvstudy.gui.StudyManager.updateStudyList(StudyManager.java:1545)
	at gov.fcc.tvstudy.gui.StudyManager.doUpdates(StudyManager.java:1434)
	at gov.fcc.tvstudy.gui.StudyManager.access$400(StudyManager.java:34)
	at gov.fcc.tvstudy.gui.StudyManager$3.actionPerformed(StudyManager.java:182)
	at java.desktop/javax.swing.Timer.fireActionPerformed(Timer.java:317)
	at java.desktop/javax.swing.Timer$DoPostEvent.run(Timer.java:249)
	at java.desktop/java.awt.event.InvocationEvent.dispatch(InvocationEvent.java:313)
	at java.desktop/java.awt.EventQueue.dispatchEventImpl(EventQueue.java:764)
	at java.desktop/java.awt.EventQueue.access$500(EventQueue.java:97)
	at java.desktop/java.awt.EventQueue$3.run(EventQueue.java:717)
	at java.desktop/java.awt.EventQueue$3.run(EventQueue.java:711)
	at java.base/java.security.AccessController.doPrivileged(Native Method)
	at java.base/java.security.ProtectionDomain$JavaSecurityAccessImpl.doIntersectionPrivilege(ProtectionDomain.java:89)
	at java.desktop/java.awt.EventQueue.dispatchEvent(EventQueue.java:734)
	at java.desktop/java.awt.EventDispatchThread.pumpOneEventForFilters(EventDispatchThread.java:199)
	at java.desktop/java.awt.EventDispatchThread.pumpEventsForFilter(EventDispatchThread.java:124)
	at java.desktop/java.awt.EventDispatchThread.pumpEventsForHierarchy(EventDispatchThread.java:113)
	at java.desktop/java.awt.EventDispatchThread.pumpEvents(EventDispatchThread.java:109)
	at java.desktop/java.awt.EventDispatchThread.pumpEvents(EventDispatchThread.java:101)
	at java.desktop/java.awt.EventDispatchThread.run(EventDispatchThread.java:90)
Caused by: java.net.SocketException: Permission denied: connect
	at java.base/java.net.DualStackPlainSocketImpl.connect0(Native Method)
	at java.base/java.net.DualStackPlainSocketImpl.socketConnect(DualStackPlainSocketImpl.java:79)
	at java.base/java.net.AbstractPlainSocketImpl.doConnect(AbstractPlainSocketImpl.java:400)
	at java.base/java.net.AbstractPlainSocketImpl.connectToAddress(AbstractPlainSocketImpl.java:243)
	at java.base/java.net.AbstractPlainSocketImpl.connect(AbstractPlainSocketImpl.java:225)
	at java.base/java.net.PlainSocketImpl.connect(PlainSocketImpl.java:148)
	at java.base/java.net.SocksSocketImpl.connect(SocksSocketImpl.java:402)
	at java.base/java.net.Socket.connect(Socket.java:591)
	at com.mysql.jdbc.StandardSocketFactory.connect(StandardSocketFactory.java:213)
	at com.mysql.jdbc.MysqlIO.<init>(MysqlIO.java:297)
	... 37 more
2017-12-16 12:47:24.653 gov.fcc.tvstudy [SEVERE] : Database connection failed
com.mysql.jdbc.exceptions.jdbc4.CommunicationsException: Communications link failure

The last packet sent successfully to the server was 0 milliseconds ago. The driver has not received any packets from the server.
	at java.base/jdk.internal.reflect.NativeConstructorAccessorImpl.newInstance0(Native Method)
	at java.base/jdk.internal.reflect.NativeConstructorAccessorImpl.newInstance(NativeConstructorAccessorImpl.java:62)
	at java.base/jdk.internal.reflect.DelegatingConstructorAccessorImpl.newInstance(DelegatingConstructorAccessorImpl.java:45)
	at java.base/java.lang.reflect.Constructor.newInstance(Constructor.java:488)
	at com.mysql.jdbc.Util.handleNewInstance(Util.java:377)
	at com.mysql.jdbc.SQLError.createCommunicationsException(SQLError.java:1036)
	at com.mysql.jdbc.MysqlIO.<init>(MysqlIO.java:338)
	at com.mysql.jdbc.ConnectionImpl.coreConnect(ConnectionImpl.java:2232)
	at com.mysql.jdbc.ConnectionImpl.connectOneTryOnly(ConnectionImpl.java:2265)
	at com.mysql.jdbc.ConnectionImpl.createNewIO(ConnectionImpl.java:2064)
	at com.mysql.jdbc.ConnectionImpl.<init>(ConnectionImpl.java:790)
	at com.mysql.jdbc.JDBC4Connection.<init>(JDBC4Connection.java:44)
	at jdk.internal.reflect.GeneratedConstructorAccessor5.newInstance(Unknown Source)
	at java.base/jdk.internal.reflect.DelegatingConstructorAccessorImpl.newInstance(DelegatingConstructorAccessorImpl.java:45)
	at java.base/java.lang.reflect.Constructor.newInstance(Constructor.java:488)
	at com.mysql.jdbc.Util.handleNewInstance(Util.java:377)
	at com.mysql.jdbc.ConnectionImpl.getInstance(ConnectionImpl.java:395)
	at com.mysql.jdbc.NonRegisteringDriver.connect(NonRegisteringDriver.java:325)
	at java.sql/java.sql.DriverManager.getConnection(DriverManager.java:678)
	at java.sql/java.sql.DriverManager.getConnection(DriverManager.java:229)
	at gov.fcc.tvstudy.core.DbConnection.connect(DbConnection.java:133)
	at gov.fcc.tvstudy.core.DbConnection.connect(DbConnection.java:87)
	at gov.fcc.tvstudy.core.DbCore.connectDb(DbCore.java:550)
	at gov.fcc.tvstudy.gui.StudyManager.getItems(StudyManager.java:1643)
	at gov.fcc.tvstudy.gui.StudyManager.updateStudyList(StudyManager.java:1545)
	at gov.fcc.tvstudy.gui.StudyManager.doUpdates(StudyManager.java:1434)
	at gov.fcc.tvstudy.gui.StudyManager.access$400(StudyManager.java:34)
	at gov.fcc.tvstudy.gui.StudyManager$3.actionPerformed(StudyManager.java:182)
	at java.desktop/javax.swing.Timer.fireActionPerformed(Timer.java:317)
	at java.desktop/javax.swing.Timer$DoPostEvent.run(Timer.java:249)
	at java.desktop/java.awt.event.InvocationEvent.dispatch(InvocationEvent.java:313)
	at java.desktop/java.awt.EventQueue.dispatchEventImpl(EventQueue.java:764)
	at java.desktop/java.awt.EventQueue.access$500(EventQueue.java:97)
	at java.desktop/java.awt.EventQueue$3.run(EventQueue.java:717)
	at java.desktop/java.awt.EventQueue$3.run(EventQueue.java:711)
	at java.base/java.security.AccessController.doPrivileged(Native Method)
	at java.base/java.security.ProtectionDomain$JavaSecurityAccessImpl.doIntersectionPrivilege(ProtectionDomain.java:89)
	at java.desktop/java.awt.EventQueue.dispatchEvent(EventQueue.java:734)
	at java.desktop/java.awt.EventDispatchThread.pumpOneEventForFilters(EventDispatchThread.java:199)
	at java.desktop/java.awt.EventDispatchThread.pumpEventsForFilter(EventDispatchThread.java:124)
	at java.desktop/java.awt.EventDispatchThread.pumpEventsForHierarchy(EventDispatchThread.java:113)
	at java.desktop/java.awt.EventDispatchThread.pumpEvents(EventDispatchThread.java:109)
	at java.desktop/java.awt.EventDispatchThread.pumpEvents(EventDispatchThread.java:101)
	at java.desktop/java.awt.EventDispatchThread.run(EventDispatchThread.java:90)
Caused by: java.net.SocketException: Permission denied: connect
	at java.base/java.net.DualStackPlainSocketImpl.connect0(Native Method)
	at java.base/java.net.DualStackPlainSocketImpl.socketConnect(DualStackPlainSocketImpl.java:79)
	at java.base/java.net.AbstractPlainSocketImpl.doConnect(AbstractPlainSocketImpl.java:400)
	at java.base/java.net.AbstractPlainSocketImpl.connectToAddress(AbstractPlainSocketImpl.java:243)
	at java.base/java.net.AbstractPlainSocketImpl.connect(AbstractPlainSocketImpl.java:225)
	at java.base/java.net.PlainSocketImpl.connect(PlainSocketImpl.java:148)
	at java.base/java.net.SocksSocketImpl.connect(SocksSocketImpl.java:402)
	at java.base/java.net.Socket.connect(Socket.java:591)
	at com.mysql.jdbc.StandardSocketFactory.connect(StandardSocketFactory.java:213)
	at com.mysql.jdbc.MysqlIO.<init>(MysqlIO.java:297)
	... 37 more
